The target system is: Generic - 4.0.99 - arm
The host system is: Windows - 10.0.26100 - AMD64
Compiling the C compiler identification source file "CMakeCCompilerId.c" succeeded.
Compiler: C:/ncs/toolchains/0b393f9e1b/opt/zephyr-sdk/arm-zephyr-eabi/bin/arm-zephyr-eabi-gcc.exe 
Build flags: 
Id flags: -c 

The output was:
0


Compilation of the C compiler identification source "CMakeCCompilerId.c" produced "CMakeCCompilerId.o"

The C compiler identification is GNU, found in "C:/ncs/v3.0.0/nrf/samples/bluetooth/peripheral_uart/build/ipc_radio/CMakeFiles/3.21.0/CompilerIdC/CMakeCCompilerId.o"

Compiling the CXX compiler identification source file "CMakeCXXCompilerId.cpp" succeeded.
Compiler: C:/ncs/toolchains/0b393f9e1b/opt/zephyr-sdk/arm-zephyr-eabi/bin/arm-zephyr-eabi-gcc.exe 
Build flags: 
Id flags: -c 

The output was:
0


Compilation of the CXX compiler identification source "CMakeCXXCompilerId.cpp" produced "CMakeCXXCompilerId.o"

The CXX compiler identification is GNU, found in "C:/ncs/v3.0.0/nrf/samples/bluetooth/peripheral_uart/build/ipc_radio/CMakeFiles/3.21.0/CompilerIdCXX/CMakeCXXCompilerId.o"

Checking whether the ASM compiler is GNU using "--version" matched "(GNU assembler)|(GCC)|(Free Software Foundation)":
arm-zephyr-eabi-gcc.exe (Zephyr SDK 0.17.0) 12.2.0
Copyright (C) 2022 Free Software Foundation, Inc.
This is free software; see the source for copying conditions.  There is NO
warranty; not even for MERCHANTABILITY or FITNESS FOR A PARTICULAR PURPOSE.

Determining if files stdatomic.h exist passed with the following output:
Change Dir: C:/ncs/v3.0.0/nrf/samples/bluetooth/peripheral_uart/build/ipc_radio/CMakeFiles/CMakeTmp

Run Build Command(s):C:/ncs/toolchains/0b393f9e1b/opt/bin/ninja.exe cmTC_22b19 && [1/2] Building C object CMakeFiles/cmTC_22b19.dir/HAVE_STDATOMIC_H.c.obj
[2/2] Linking C executable cmTC_22b19
arm-zephyr-eabi-gcc.exe: warning: CMakeFiles/cmTC_22b19.dir/HAVE_STDATOMIC_H.c.obj: linker input file unused because linking not done



Determining if files fcntl.h exist passed with the following output:
Change Dir: C:/ncs/v3.0.0/nrf/samples/bluetooth/peripheral_uart/build/ipc_radio/CMakeFiles/CMakeTmp

Run Build Command(s):C:/ncs/toolchains/0b393f9e1b/opt/bin/ninja.exe cmTC_d08d6 && [1/2] Building C object CMakeFiles/cmTC_d08d6.dir/HAVE_FCNTL_H.c.obj
[2/2] Linking C executable cmTC_d08d6
arm-zephyr-eabi-gcc.exe: warning: CMakeFiles/cmTC_d08d6.dir/HAVE_FCNTL_H.c.obj: linker input file unused because linking not done



Performing C SOURCE FILE Test check_C__c__nostartfiles__nostdlib__isystem__c__ncs_toolchains_0b393f9e1b_opt_zephyr_sdk_arm_zephyr_eabi_bin____lib_gcc_arm_zephyr_eabi_12_2_0_include___isystem__c__ncs_toolchains_0b393f9e1b_opt_zephyr_sdk_arm_zephyr_eabi_bin____lib_gcc_arm_zephyr_eabi_12_2_0_include_fixed___Wl___unresolved_symbols_ignore_in_object_files__Wl___entry_0__fuse_ld_bfd__mcpu_cortex_m33_nodsp__mthumb__mabi_aapcs__mfp16_format_ieee__mtp_soft__fuse_ld_bfd succeeded with the following output:
Change Dir: C:/ncs/v3.0.0/nrf/samples/bluetooth/peripheral_uart/build/ipc_radio/CMakeFiles/CMakeTmp

Run Build Command(s):C:/ncs/toolchains/0b393f9e1b/opt/bin/ninja.exe cmTC_39e37 && [1/2] Building C object CMakeFiles/cmTC_39e37.dir/src.c.obj
[2/2] Linking C executable cmTC_39e37
arm-zephyr-eabi-gcc.exe: warning: CMakeFiles/cmTC_39e37.dir/src.c.obj: linker input file unused because linking not done


Source file was:
int main(void) { return 0; }
Performing C SOURCE FILE Test check_fmacro_prefix_map_C__ncs_v3_0_0_nrf_applications_ipc_radio_CMAKE_SOURCE_DIR_C__c__nostartfiles__nostdlib__isystem__c__ncs_toolchains_0b393f9e1b_opt_zephyr_sdk_arm_zephyr_eabi_bin____lib_gcc_arm_zephyr_eabi_12_2_0_include___isystem__c__ncs_toolchains_0b393f9e1b_opt_zephyr_sdk_arm_zephyr_eabi_bin____lib_gcc_arm_zephyr_eabi_12_2_0_include_fixed___Wl___unresolved_symbols_ignore_in_object_files__Wl___entry_0__fuse_ld_bfd succeeded with the following output:
Change Dir: C:/ncs/v3.0.0/nrf/samples/bluetooth/peripheral_uart/build/ipc_radio/CMakeFiles/CMakeTmp

Run Build Command(s):C:/ncs/toolchains/0b393f9e1b/opt/bin/ninja.exe cmTC_c181d && [1/2] Building C object CMakeFiles/cmTC_c181d.dir/src.c.obj
[2/2] Linking C executable cmTC_c181d
arm-zephyr-eabi-gcc.exe: warning: CMakeFiles/cmTC_c181d.dir/src.c.obj: linker input file unused because linking not done


Source file was:
int main(void) { return 0; }
